{"/Users/bohdan/Documents/projects/own/todo/api/src/models/group.model.js": {"path":"/Users/bohdan/Documents/projects/own/todo/api/src/models/group.model.js","statementMap":{"0":{"start":{"line":1,"column":17},"end":{"line":1,"column":36}},"1":{"start":{"line":3,"column":17},"end":{"line":3,"column":25}},"2":{"start":{"line":5,"column":20},"end":{"line":14,"column":2}},"3":{"start":{"line":16,"column":0},"end":{"line":16,"column":53}}},"fnMap":{},"branchMap":{},"s":{"0":2,"1":2,"2":2,"3":2},"f":{},"b":{},"_coverageSchema":"43e27e138ebf9cfc5966b082cf9a028302ed4184","hash":"1bf39befa487ec644a54a52e71f4a56e7a0fac6f"}
,"/Users/bohdan/Documents/projects/own/todo/api/src/models/task.model.js": {"path":"/Users/bohdan/Documents/projects/own/todo/api/src/models/task.model.js","statementMap":{"0":{"start":{"line":1,"column":17},"end":{"line":1,"column":36}},"1":{"start":{"line":3,"column":17},"end":{"line":3,"column":25}},"2":{"start":{"line":5,"column":19},"end":{"line":22,"column":2}},"3":{"start":{"line":24,"column":0},"end":{"line":24,"column":51}}},"fnMap":{},"branchMap":{},"s":{"0":1,"1":1,"2":1,"3":1},"f":{},"b":{},"_coverageSchema":"43e27e138ebf9cfc5966b082cf9a028302ed4184","hash":"64b669a170680a98f30372d2bbfc5e4cdc911076"}
,"/Users/bohdan/Documents/projects/own/todo/api/src/models/user.model.js": {"path":"/Users/bohdan/Documents/projects/own/todo/api/src/models/user.model.js","statementMap":{"0":{"start":{"line":1,"column":17},"end":{"line":1,"column":36}},"1":{"start":{"line":3,"column":17},"end":{"line":3,"column":25}},"2":{"start":{"line":5,"column":19},"end":{"line":23,"column":2}},"3":{"start":{"line":25,"column":0},"end":{"line":32,"column":1}},"4":{"start":{"line":34,"column":0},"end":{"line":34,"column":51}}},"fnMap":{},"branchMap":{},"s":{"0":3,"1":3,"2":3,"3":3,"4":3},"f":{},"b":{},"_coverageSchema":"43e27e138ebf9cfc5966b082cf9a028302ed4184","hash":"d5d2e9d521f6f8ba5604282217948d1b7395c00f"}
,"/Users/bohdan/Documents/projects/own/todo/api/src/services/auth/index.js": {"path":"/Users/bohdan/Documents/projects/own/todo/api/src/services/auth/index.js","statementMap":{"0":{"start":{"line":1,"column":16},"end":{"line":1,"column":34}},"1":{"start":{"line":2,"column":19},"end":{"line":2,"column":40}},"2":{"start":{"line":3,"column":23},"end":{"line":3,"column":50}},"3":{"start":{"line":5,"column":0},"end":{"line":5,"column":46}}},"fnMap":{},"branchMap":{},"s":{"0":3,"1":3,"2":3,"3":3},"f":{},"b":{},"_coverageSchema":"43e27e138ebf9cfc5966b082cf9a028302ed4184","hash":"13d55f67a8b66837f6a4aface1fd9b2b87699626"}
,"/Users/bohdan/Documents/projects/own/todo/api/src/services/auth/login-by-token.js": {"path":"/Users/bohdan/Documents/projects/own/todo/api/src/services/auth/login-by-token.js","statementMap":{"0":{"start":{"line":1,"column":12},"end":{"line":1,"column":35}},"1":{"start":{"line":3,"column":19},"end":{"line":3,"column":53}},"2":{"start":{"line":4,"column":15},"end":{"line":4,"column":37}},"3":{"start":{"line":6,"column":21},"end":{"line":18,"column":1}},"4":{"start":{"line":7,"column":16},"end":{"line":7,"column":33}},"5":{"start":{"line":9,"column":2},"end":{"line":17,"column":55}},"6":{"start":{"line":11,"column":6},"end":{"line":15,"column":7}},"7":{"start":{"line":12,"column":8},"end":{"line":12,"column":60}},"8":{"start":{"line":14,"column":8},"end":{"line":14,"column":50}},"9":{"start":{"line":17,"column":21},"end":{"line":17,"column":53}},"10":{"start":{"line":20,"column":0},"end":{"line":20,"column":35}}},"fnMap":{"0":{"name":"(anonymous_0)","decl":{"start":{"line":6,"column":21},"end":{"line":6,"column":22}},"loc":{"start":{"line":6,"column":34},"end":{"line":18,"column":1}},"line":6},"1":{"name":"(anonymous_1)","decl":{"start":{"line":10,"column":10},"end":{"line":10,"column":11}},"loc":{"start":{"line":10,"column":20},"end":{"line":16,"column":5}},"line":10},"2":{"name":"(anonymous_2)","decl":{"start":{"line":17,"column":11},"end":{"line":17,"column":12}},"loc":{"start":{"line":17,"column":21},"end":{"line":17,"column":53}},"line":17}},"branchMap":{"0":{"loc":{"start":{"line":11,"column":6},"end":{"line":15,"column":7}},"type":"if","locations":[{"start":{"line":11,"column":6},"end":{"line":15,"column":7}},{"start":{"line":11,"column":6},"end":{"line":15,"column":7}}],"line":11}},"s":{"0":3,"1":3,"2":3,"3":3,"4":1,"5":1,"6":1,"7":1,"8":0,"9":0,"10":3},"f":{"0":1,"1":1,"2":0},"b":{"0":[1,0]},"_coverageSchema":"43e27e138ebf9cfc5966b082cf9a028302ed4184","hash":"c56baf882b0347380f0d823297e21fd05b20b6b4"}
,"/Users/bohdan/Documents/projects/own/todo/api/src/services/auth/login.js": {"path":"/Users/bohdan/Documents/projects/own/todo/api/src/services/auth/login.js","statementMap":{"0":{"start":{"line":1,"column":15},"end":{"line":1,"column":32}},"1":{"start":{"line":2,"column":12},"end":{"line":2,"column":35}},"2":{"start":{"line":4,"column":19},"end":{"line":4,"column":53}},"3":{"start":{"line":5,"column":15},"end":{"line":5,"column":37}},"4":{"start":{"line":7,"column":14},"end":{"line":23,"column":1}},"5":{"start":{"line":8,"column":25},"end":{"line":11,"column":18}},"6":{"start":{"line":13,"column":2},"end":{"line":22,"column":55}},"7":{"start":{"line":15,"column":6},"end":{"line":20,"column":7}},"8":{"start":{"line":16,"column":22},"end":{"line":16,"column":71}},"9":{"start":{"line":17,"column":8},"end":{"line":17,"column":67}},"10":{"start":{"line":19,"column":8},"end":{"line":19,"column":50}},"11":{"start":{"line":22,"column":21},"end":{"line":22,"column":53}},"12":{"start":{"line":25,"column":0},"end":{"line":25,"column":21}}},"fnMap":{"0":{"name":"(anonymous_0)","decl":{"start":{"line":7,"column":14},"end":{"line":7,"column":15}},"loc":{"start":{"line":7,"column":37},"end":{"line":23,"column":1}},"line":7},"1":{"name":"(anonymous_1)","decl":{"start":{"line":14,"column":10},"end":{"line":14,"column":11}},"loc":{"start":{"line":14,"column":20},"end":{"line":21,"column":5}},"line":14},"2":{"name":"(anonymous_2)","decl":{"start":{"line":22,"column":11},"end":{"line":22,"column":12}},"loc":{"start":{"line":22,"column":21},"end":{"line":22,"column":53}},"line":22}},"branchMap":{"0":{"loc":{"start":{"line":15,"column":6},"end":{"line":20,"column":7}},"type":"if","locations":[{"start":{"line":15,"column":6},"end":{"line":20,"column":7}},{"start":{"line":15,"column":6},"end":{"line":20,"column":7}}],"line":15}},"s":{"0":3,"1":3,"2":3,"3":3,"4":3,"5":1,"6":1,"7":1,"8":1,"9":1,"10":0,"11":0,"12":3},"f":{"0":1,"1":1,"2":0},"b":{"0":[1,0]},"_coverageSchema":"43e27e138ebf9cfc5966b082cf9a028302ed4184","hash":"2d136c85be2656b82effd4df08b2c0e26d327713"}
,"/Users/bohdan/Documents/projects/own/todo/api/src/services/auth/register.js": {"path":"/Users/bohdan/Documents/projects/own/todo/api/src/services/auth/register.js","statementMap":{"0":{"start":{"line":1,"column":15},"end":{"line":1,"column":32}},"1":{"start":{"line":2,"column":12},"end":{"line":2,"column":35}},"2":{"start":{"line":4,"column":19},"end":{"line":4,"column":53}},"3":{"start":{"line":5,"column":15},"end":{"line":5,"column":37}},"4":{"start":{"line":7,"column":17},"end":{"line":21,"column":1}},"5":{"start":{"line":8,"column":25},"end":{"line":11,"column":18}},"6":{"start":{"line":13,"column":15},"end":{"line":13,"column":70}},"7":{"start":{"line":14,"column":2},"end":{"line":20,"column":55}},"8":{"start":{"line":17,"column":20},"end":{"line":17,"column":72}},"9":{"start":{"line":18,"column":6},"end":{"line":18,"column":68}},"10":{"start":{"line":20,"column":21},"end":{"line":20,"column":53}},"11":{"start":{"line":23,"column":0},"end":{"line":23,"column":27}}},"fnMap":{"0":{"name":"(anonymous_0)","decl":{"start":{"line":7,"column":17},"end":{"line":7,"column":18}},"loc":{"start":{"line":7,"column":46},"end":{"line":21,"column":1}},"line":7},"1":{"name":"(anonymous_1)","decl":{"start":{"line":16,"column":10},"end":{"line":16,"column":11}},"loc":{"start":{"line":16,"column":23},"end":{"line":19,"column":5}},"line":16},"2":{"name":"(anonymous_2)","decl":{"start":{"line":20,"column":11},"end":{"line":20,"column":12}},"loc":{"start":{"line":20,"column":21},"end":{"line":20,"column":53}},"line":20}},"branchMap":{},"s":{"0":3,"1":3,"2":3,"3":3,"4":3,"5":11,"6":11,"7":11,"8":11,"9":11,"10":0,"11":3},"f":{"0":11,"1":11,"2":0},"b":{},"_coverageSchema":"43e27e138ebf9cfc5966b082cf9a028302ed4184","hash":"036a1532a1b38935e68a240eee7f6821dcab5b8d"}
,"/Users/bohdan/Documents/projects/own/todo/api/src/services/group/add.js": {"path":"/Users/bohdan/Documents/projects/own/todo/api/src/services/group/add.js","statementMap":{"0":{"start":{"line":1,"column":20},"end":{"line":1,"column":55}},"1":{"start":{"line":3,"column":12},"end":{"line":9,"column":1}},"2":{"start":{"line":4,"column":16},"end":{"line":4,"column":55}},"3":{"start":{"line":5,"column":2},"end":{"line":8,"column":55}},"4":{"start":{"line":7,"column":22},"end":{"line":7,"column":48}},"5":{"start":{"line":8,"column":21},"end":{"line":8,"column":53}},"6":{"start":{"line":11,"column":0},"end":{"line":11,"column":17}}},"fnMap":{"0":{"name":"(anonymous_0)","decl":{"start":{"line":3,"column":12},"end":{"line":3,"column":13}},"loc":{"start":{"line":3,"column":33},"end":{"line":9,"column":1}},"line":3},"1":{"name":"(anonymous_1)","decl":{"start":{"line":7,"column":10},"end":{"line":7,"column":11}},"loc":{"start":{"line":7,"column":22},"end":{"line":7,"column":48}},"line":7},"2":{"name":"(anonymous_2)","decl":{"start":{"line":8,"column":11},"end":{"line":8,"column":12}},"loc":{"start":{"line":8,"column":21},"end":{"line":8,"column":53}},"line":8}},"branchMap":{},"s":{"0":2,"1":2,"2":8,"3":8,"4":8,"5":0,"6":2},"f":{"0":8,"1":8,"2":0},"b":{},"_coverageSchema":"43e27e138ebf9cfc5966b082cf9a028302ed4184","hash":"10df281b3b0a17db82293f796cca950166a162f8"}
,"/Users/bohdan/Documents/projects/own/todo/api/src/services/group/get-all.js": {"path":"/Users/bohdan/Documents/projects/own/todo/api/src/services/group/get-all.js","statementMap":{"0":{"start":{"line":1,"column":20},"end":{"line":1,"column":55}},"1":{"start":{"line":3,"column":15},"end":{"line":7,"column":1}},"2":{"start":{"line":4,"column":2},"end":{"line":6,"column":55}},"3":{"start":{"line":5,"column":23},"end":{"line":5,"column":50}},"4":{"start":{"line":6,"column":21},"end":{"line":6,"column":53}},"5":{"start":{"line":9,"column":0},"end":{"line":9,"column":23}}},"fnMap":{"0":{"name":"(anonymous_0)","decl":{"start":{"line":3,"column":15},"end":{"line":3,"column":16}},"loc":{"start":{"line":3,"column":29},"end":{"line":7,"column":1}},"line":3},"1":{"name":"(anonymous_1)","decl":{"start":{"line":5,"column":10},"end":{"line":5,"column":11}},"loc":{"start":{"line":5,"column":23},"end":{"line":5,"column":50}},"line":5},"2":{"name":"(anonymous_2)","decl":{"start":{"line":6,"column":11},"end":{"line":6,"column":12}},"loc":{"start":{"line":6,"column":21},"end":{"line":6,"column":53}},"line":6}},"branchMap":{},"s":{"0":2,"1":2,"2":1,"3":1,"4":0,"5":2},"f":{"0":1,"1":1,"2":0},"b":{},"_coverageSchema":"43e27e138ebf9cfc5966b082cf9a028302ed4184","hash":"f482511dd4663824f95d294bfad5bd364f09dd6f"}
,"/Users/bohdan/Documents/projects/own/todo/api/src/services/group/index.js": {"path":"/Users/bohdan/Documents/projects/own/todo/api/src/services/group/index.js","statementMap":{"0":{"start":{"line":1,"column":17},"end":{"line":1,"column":37}},"1":{"start":{"line":2,"column":14},"end":{"line":2,"column":30}},"2":{"start":{"line":4,"column":0},"end":{"line":4,"column":29}}},"fnMap":{},"branchMap":{},"s":{"0":2,"1":2,"2":2},"f":{},"b":{},"_coverageSchema":"43e27e138ebf9cfc5966b082cf9a028302ed4184","hash":"d494d603444c65ed6968388ef5e35b32fecf1381"}
,"/Users/bohdan/Documents/projects/own/todo/api/src/services/task/add.js": {"path":"/Users/bohdan/Documents/projects/own/todo/api/src/services/task/add.js","statementMap":{"0":{"start":{"line":1,"column":19},"end":{"line":1,"column":53}},"1":{"start":{"line":3,"column":12},"end":{"line":9,"column":1}},"2":{"start":{"line":4,"column":15},"end":{"line":4,"column":74}},"3":{"start":{"line":5,"column":2},"end":{"line":8,"column":55}},"4":{"start":{"line":7,"column":21},"end":{"line":7,"column":46}},"5":{"start":{"line":8,"column":21},"end":{"line":8,"column":53}},"6":{"start":{"line":11,"column":0},"end":{"line":11,"column":17}}},"fnMap":{"0":{"name":"(anonymous_0)","decl":{"start":{"line":3,"column":12},"end":{"line":3,"column":13}},"loc":{"start":{"line":3,"column":54},"end":{"line":9,"column":1}},"line":3},"1":{"name":"(anonymous_1)","decl":{"start":{"line":7,"column":10},"end":{"line":7,"column":11}},"loc":{"start":{"line":7,"column":21},"end":{"line":7,"column":46}},"line":7},"2":{"name":"(anonymous_2)","decl":{"start":{"line":8,"column":11},"end":{"line":8,"column":12}},"loc":{"start":{"line":8,"column":21},"end":{"line":8,"column":53}},"line":8}},"branchMap":{},"s":{"0":1,"1":1,"2":6,"3":6,"4":6,"5":0,"6":1},"f":{"0":6,"1":6,"2":0},"b":{},"_coverageSchema":"43e27e138ebf9cfc5966b082cf9a028302ed4184","hash":"0881f5b7ef1c8a5749809d1ecbdf68aa532e8ad7"}
,"/Users/bohdan/Documents/projects/own/todo/api/src/services/task/get-all.js": {"path":"/Users/bohdan/Documents/projects/own/todo/api/src/services/task/get-all.js","statementMap":{"0":{"start":{"line":1,"column":19},"end":{"line":1,"column":53}},"1":{"start":{"line":3,"column":15},"end":{"line":7,"column":1}},"2":{"start":{"line":4,"column":2},"end":{"line":6,"column":55}},"3":{"start":{"line":5,"column":22},"end":{"line":5,"column":48}},"4":{"start":{"line":6,"column":21},"end":{"line":6,"column":53}},"5":{"start":{"line":9,"column":0},"end":{"line":9,"column":23}}},"fnMap":{"0":{"name":"(anonymous_0)","decl":{"start":{"line":3,"column":15},"end":{"line":3,"column":16}},"loc":{"start":{"line":3,"column":29},"end":{"line":7,"column":1}},"line":3},"1":{"name":"(anonymous_1)","decl":{"start":{"line":5,"column":10},"end":{"line":5,"column":11}},"loc":{"start":{"line":5,"column":22},"end":{"line":5,"column":48}},"line":5},"2":{"name":"(anonymous_2)","decl":{"start":{"line":6,"column":11},"end":{"line":6,"column":12}},"loc":{"start":{"line":6,"column":21},"end":{"line":6,"column":53}},"line":6}},"branchMap":{},"s":{"0":1,"1":1,"2":3,"3":3,"4":0,"5":1},"f":{"0":3,"1":3,"2":0},"b":{},"_coverageSchema":"43e27e138ebf9cfc5966b082cf9a028302ed4184","hash":"292523dc3073cb817b36487db849fbf8b5af8d39"}
,"/Users/bohdan/Documents/projects/own/todo/api/src/services/task/get-one.js": {"path":"/Users/bohdan/Documents/projects/own/todo/api/src/services/task/get-one.js","statementMap":{"0":{"start":{"line":1,"column":19},"end":{"line":1,"column":53}},"1":{"start":{"line":3,"column":15},"end":{"line":7,"column":1}},"2":{"start":{"line":4,"column":2},"end":{"line":6,"column":55}},"3":{"start":{"line":5,"column":21},"end":{"line":5,"column":46}},"4":{"start":{"line":6,"column":21},"end":{"line":6,"column":53}},"5":{"start":{"line":9,"column":0},"end":{"line":9,"column":23}}},"fnMap":{"0":{"name":"(anonymous_0)","decl":{"start":{"line":3,"column":15},"end":{"line":3,"column":16}},"loc":{"start":{"line":3,"column":34},"end":{"line":7,"column":1}},"line":3},"1":{"name":"(anonymous_1)","decl":{"start":{"line":5,"column":10},"end":{"line":5,"column":11}},"loc":{"start":{"line":5,"column":21},"end":{"line":5,"column":46}},"line":5},"2":{"name":"(anonymous_2)","decl":{"start":{"line":6,"column":11},"end":{"line":6,"column":12}},"loc":{"start":{"line":6,"column":21},"end":{"line":6,"column":53}},"line":6}},"branchMap":{},"s":{"0":1,"1":1,"2":1,"3":1,"4":0,"5":1},"f":{"0":1,"1":1,"2":0},"b":{},"_coverageSchema":"43e27e138ebf9cfc5966b082cf9a028302ed4184","hash":"9251132716951971e76ef217bf003bffb58aa967"}
,"/Users/bohdan/Documents/projects/own/todo/api/src/services/task/index.js": {"path":"/Users/bohdan/Documents/projects/own/todo/api/src/services/task/index.js","statementMap":{"0":{"start":{"line":1,"column":17},"end":{"line":1,"column":37}},"1":{"start":{"line":2,"column":17},"end":{"line":2,"column":37}},"2":{"start":{"line":3,"column":14},"end":{"line":3,"column":30}},"3":{"start":{"line":4,"column":17},"end":{"line":4,"column":36}},"4":{"start":{"line":5,"column":17},"end":{"line":5,"column":36}},"5":{"start":{"line":7,"column":0},"end":{"line":7,"column":52}}},"fnMap":{},"branchMap":{},"s":{"0":1,"1":1,"2":1,"3":1,"4":1,"5":1},"f":{},"b":{},"_coverageSchema":"43e27e138ebf9cfc5966b082cf9a028302ed4184","hash":"ef944f5806b96f69919f71848e21d41fcdb1ba22"}
,"/Users/bohdan/Documents/projects/own/todo/api/src/services/task/remove.js": {"path":"/Users/bohdan/Documents/projects/own/todo/api/src/services/task/remove.js","statementMap":{"0":{"start":{"line":1,"column":19},"end":{"line":1,"column":53}},"1":{"start":{"line":3,"column":15},"end":{"line":7,"column":1}},"2":{"start":{"line":4,"column":2},"end":{"line":6,"column":55}},"3":{"start":{"line":5,"column":21},"end":{"line":5,"column":40}},"4":{"start":{"line":6,"column":21},"end":{"line":6,"column":53}},"5":{"start":{"line":9,"column":0},"end":{"line":9,"column":23}}},"fnMap":{"0":{"name":"(anonymous_0)","decl":{"start":{"line":3,"column":15},"end":{"line":3,"column":16}},"loc":{"start":{"line":3,"column":34},"end":{"line":7,"column":1}},"line":3},"1":{"name":"(anonymous_1)","decl":{"start":{"line":5,"column":10},"end":{"line":5,"column":11}},"loc":{"start":{"line":5,"column":21},"end":{"line":5,"column":40}},"line":5},"2":{"name":"(anonymous_2)","decl":{"start":{"line":6,"column":11},"end":{"line":6,"column":12}},"loc":{"start":{"line":6,"column":21},"end":{"line":6,"column":53}},"line":6}},"branchMap":{},"s":{"0":1,"1":1,"2":2,"3":1,"4":1,"5":1},"f":{"0":2,"1":1,"2":1},"b":{},"_coverageSchema":"43e27e138ebf9cfc5966b082cf9a028302ed4184","hash":"730f91100683814a3d6a89ac4736734216d5baa1"}
,"/Users/bohdan/Documents/projects/own/todo/api/src/services/task/update.js": {"path":"/Users/bohdan/Documents/projects/own/todo/api/src/services/task/update.js","statementMap":{"0":{"start":{"line":1,"column":19},"end":{"line":1,"column":53}},"1":{"start":{"line":3,"column":15},"end":{"line":10,"column":1}},"2":{"start":{"line":4,"column":2},"end":{"line":9,"column":55}},"3":{"start":{"line":8,"column":21},"end":{"line":8,"column":40}},"4":{"start":{"line":9,"column":21},"end":{"line":9,"column":53}},"5":{"start":{"line":12,"column":0},"end":{"line":12,"column":23}}},"fnMap":{"0":{"name":"(anonymous_0)","decl":{"start":{"line":3,"column":15},"end":{"line":3,"column":16}},"loc":{"start":{"line":3,"column":54},"end":{"line":10,"column":1}},"line":3},"1":{"name":"(anonymous_1)","decl":{"start":{"line":8,"column":10},"end":{"line":8,"column":11}},"loc":{"start":{"line":8,"column":21},"end":{"line":8,"column":40}},"line":8},"2":{"name":"(anonymous_2)","decl":{"start":{"line":9,"column":11},"end":{"line":9,"column":12}},"loc":{"start":{"line":9,"column":21},"end":{"line":9,"column":53}},"line":9}},"branchMap":{},"s":{"0":1,"1":1,"2":1,"3":1,"4":0,"5":1},"f":{"0":1,"1":1,"2":0},"b":{},"_coverageSchema":"43e27e138ebf9cfc5966b082cf9a028302ed4184","hash":"f8598f17f9c5b69b70719135f342a2b4557fc15d"}
,"/Users/bohdan/Documents/projects/own/todo/api/src/tests/utils/group/create-group-and-get-id.js": {"path":"/Users/bohdan/Documents/projects/own/todo/api/src/tests/utils/group/create-group-and-get-id.js","statementMap":{"0":{"start":{"line":1,"column":16},"end":{"line":1,"column":50}},"1":{"start":{"line":3,"column":28},"end":{"line":7,"column":1}},"2":{"start":{"line":4,"column":20},"end":{"line":4,"column":55}},"3":{"start":{"line":5,"column":17},"end":{"line":5,"column":43}},"4":{"start":{"line":6,"column":2},"end":{"line":6,"column":17}},"5":{"start":{"line":9,"column":0},"end":{"line":9,"column":49}}},"fnMap":{"0":{"name":"(anonymous_0)","decl":{"start":{"line":3,"column":28},"end":{"line":3,"column":29}},"loc":{"start":{"line":3,"column":48},"end":{"line":7,"column":1}},"line":3}},"branchMap":{},"s":{"0":1,"1":1,"2":5,"3":5,"4":5,"5":1},"f":{"0":5},"b":{},"_coverageSchema":"43e27e138ebf9cfc5966b082cf9a028302ed4184","hash":"483d1d6cb461052d80ac9b7c7801389e4da44ed2"}
,"/Users/bohdan/Documents/projects/own/todo/api/src/tests/utils/group/index.js": {"path":"/Users/bohdan/Documents/projects/own/todo/api/src/tests/utils/group/index.js","statementMap":{"0":{"start":{"line":1,"column":30},"end":{"line":1,"column":66}},"1":{"start":{"line":3,"column":0},"end":{"line":3,"column":42}}},"fnMap":{},"branchMap":{},"s":{"0":1,"1":1},"f":{},"b":{},"_coverageSchema":"43e27e138ebf9cfc5966b082cf9a028302ed4184","hash":"b852348a96b20acf9d025b72df7964fea672666d"}
,"/Users/bohdan/Documents/projects/own/todo/api/src/tests/utils/in-memory-mongo/index.js": {"path":"/Users/bohdan/Documents/projects/own/todo/api/src/tests/utils/in-memory-mongo/index.js","statementMap":{"0":{"start":{"line":1,"column":17},"end":{"line":1,"column":36}},"1":{"start":{"line":2,"column":28},"end":{"line":2,"column":60}},"2":{"start":{"line":4,"column":22},"end":{"line":4,"column":45}},"3":{"start":{"line":7,"column":0},"end":{"line":16,"column":1}},"4":{"start":{"line":8,"column":14},"end":{"line":8,"column":55}},"5":{"start":{"line":9,"column":23},"end":{"line":13,"column":3}},"6":{"start":{"line":15,"column":2},"end":{"line":15,"column":43}},"7":{"start":{"line":19,"column":0},"end":{"line":23,"column":1}},"8":{"start":{"line":20,"column":2},"end":{"line":20,"column":42}},"9":{"start":{"line":21,"column":2},"end":{"line":21,"column":35}},"10":{"start":{"line":22,"column":2},"end":{"line":22,"column":28}},"11":{"start":{"line":26,"column":0},"end":{"line":33,"column":1}},"12":{"start":{"line":27,"column":22},"end":{"line":27,"column":53}},"13":{"start":{"line":29,"column":2},"end":{"line":32,"column":3}},"14":{"start":{"line":30,"column":23},"end":{"line":30,"column":39}},"15":{"start":{"line":31,"column":4},"end":{"line":31,"column":33}}},"fnMap":{"0":{"name":"(anonymous_0)","decl":{"start":{"line":7,"column":35},"end":{"line":7,"column":36}},"loc":{"start":{"line":7,"column":47},"end":{"line":16,"column":1}},"line":7},"1":{"name":"(anonymous_1)","decl":{"start":{"line":19,"column":43},"end":{"line":19,"column":44}},"loc":{"start":{"line":19,"column":55},"end":{"line":23,"column":1}},"line":19},"2":{"name":"(anonymous_2)","decl":{"start":{"line":26,"column":31},"end":{"line":26,"column":32}},"loc":{"start":{"line":26,"column":43},"end":{"line":33,"column":1}},"line":26}},"branchMap":{},"s":{"0":3,"1":3,"2":3,"3":3,"4":3,"5":3,"6":3,"7":3,"8":3,"9":3,"10":3,"11":3,"12":13,"13":13,"14":29,"15":29},"f":{"0":3,"1":3,"2":13},"b":{},"_coverageSchema":"43e27e138ebf9cfc5966b082cf9a028302ed4184","hash":"37fd70f5b8dd0cbe56449b65192988c1246228c9"}
,"/Users/bohdan/Documents/projects/own/todo/api/src/tests/utils/user/create-user-and-get-id.js": {"path":"/Users/bohdan/Documents/projects/own/todo/api/src/tests/utils/user/create-user-and-get-id.js","statementMap":{"0":{"start":{"line":1,"column":15},"end":{"line":1,"column":48}},"1":{"start":{"line":3,"column":27},"end":{"line":13,"column":1}},"2":{"start":{"line":4,"column":19},"end":{"line":8,"column":3}},"3":{"start":{"line":11,"column":6},"end":{"line":11,"column":35}},"4":{"start":{"line":12,"column":2},"end":{"line":12,"column":12}},"5":{"start":{"line":15,"column":0},"end":{"line":15,"column":47}}},"fnMap":{"0":{"name":"(anonymous_0)","decl":{"start":{"line":3,"column":27},"end":{"line":3,"column":28}},"loc":{"start":{"line":3,"column":39},"end":{"line":13,"column":1}},"line":3}},"branchMap":{},"s":{"0":2,"1":2,"2":8,"3":8,"4":8,"5":2},"f":{"0":8},"b":{},"_coverageSchema":"43e27e138ebf9cfc5966b082cf9a028302ed4184","hash":"8b54fb1bb71a9a2d8f2483d7d703f6a8cfee7977"}
,"/Users/bohdan/Documents/projects/own/todo/api/src/tests/utils/user/index.js": {"path":"/Users/bohdan/Documents/projects/own/todo/api/src/tests/utils/user/index.js","statementMap":{"0":{"start":{"line":1,"column":29},"end":{"line":1,"column":64}},"1":{"start":{"line":3,"column":0},"end":{"line":3,"column":40}}},"fnMap":{},"branchMap":{},"s":{"0":2,"1":2},"f":{},"b":{},"_coverageSchema":"43e27e138ebf9cfc5966b082cf9a028302ed4184","hash":"74f2c1cdb9f9a842d099dbe930d89b947be42ee5"}
,"/Users/bohdan/Documents/projects/own/todo/api/src/utils/index.js": {"path":"/Users/bohdan/Documents/projects/own/todo/api/src/utils/index.js","statementMap":{"0":{"start":{"line":1,"column":13},"end":{"line":8,"column":1}},"1":{"start":{"line":1,"column":23},"end":{"line":8,"column":1}},"2":{"start":{"line":2,"column":2},"end":{"line":7,"column":10}},"3":{"start":{"line":3,"column":21},"end":{"line":3,"column":40}},"4":{"start":{"line":5,"column":6},"end":{"line":5,"column":32}},"5":{"start":{"line":6,"column":6},"end":{"line":6,"column":16}},"6":{"start":{"line":10,"column":13},"end":{"line":17,"column":1}},"7":{"start":{"line":10,"column":23},"end":{"line":17,"column":1}},"8":{"start":{"line":11,"column":2},"end":{"line":16,"column":10}},"9":{"start":{"line":12,"column":21},"end":{"line":12,"column":39}},"10":{"start":{"line":14,"column":6},"end":{"line":14,"column":32}},"11":{"start":{"line":15,"column":6},"end":{"line":15,"column":16}},"12":{"start":{"line":19,"column":0},"end":{"line":19,"column":19}},"13":{"start":{"line":20,"column":0},"end":{"line":20,"column":19}}},"fnMap":{"0":{"name":"(anonymous_0)","decl":{"start":{"line":1,"column":13},"end":{"line":1,"column":14}},"loc":{"start":{"line":1,"column":23},"end":{"line":8,"column":1}},"line":1},"1":{"name":"(anonymous_1)","decl":{"start":{"line":1,"column":23},"end":{"line":1,"column":24}},"loc":{"start":{"line":1,"column":39},"end":{"line":8,"column":1}},"line":1},"2":{"name":"(anonymous_2)","decl":{"start":{"line":3,"column":12},"end":{"line":3,"column":13}},"loc":{"start":{"line":3,"column":21},"end":{"line":3,"column":40}},"line":3},"3":{"name":"(anonymous_3)","decl":{"start":{"line":4,"column":12},"end":{"line":4,"column":13}},"loc":{"start":{"line":4,"column":26},"end":{"line":7,"column":5}},"line":4},"4":{"name":"(anonymous_4)","decl":{"start":{"line":10,"column":13},"end":{"line":10,"column":14}},"loc":{"start":{"line":10,"column":23},"end":{"line":17,"column":1}},"line":10},"5":{"name":"(anonymous_5)","decl":{"start":{"line":10,"column":23},"end":{"line":10,"column":24}},"loc":{"start":{"line":10,"column":39},"end":{"line":17,"column":1}},"line":10},"6":{"name":"(anonymous_6)","decl":{"start":{"line":12,"column":12},"end":{"line":12,"column":13}},"loc":{"start":{"line":12,"column":21},"end":{"line":12,"column":39}},"line":12},"7":{"name":"(anonymous_7)","decl":{"start":{"line":13,"column":12},"end":{"line":13,"column":13}},"loc":{"start":{"line":13,"column":26},"end":{"line":16,"column":5}},"line":13}},"branchMap":{"0":{"loc":{"start":{"line":2,"column":21},"end":{"line":2,"column":73}},"type":"cond-expr","locations":[{"start":{"line":2,"column":41},"end":{"line":2,"column":60}},{"start":{"line":2,"column":63},"end":{"line":2,"column":73}}],"line":2},"1":{"loc":{"start":{"line":11,"column":21},"end":{"line":11,"column":73}},"type":"cond-expr","locations":[{"start":{"line":11,"column":41},"end":{"line":11,"column":60}},{"start":{"line":11,"column":63},"end":{"line":11,"column":73}}],"line":11}},"s":{"0":3,"1":13,"2":13,"3":65,"4":52,"5":52,"6":3,"7":0,"8":0,"9":0,"10":0,"11":0,"12":3,"13":3},"f":{"0":13,"1":13,"2":65,"3":52,"4":0,"5":0,"6":0,"7":0},"b":{"0":[13,0],"1":[0,0]},"_coverageSchema":"43e27e138ebf9cfc5966b082cf9a028302ed4184","hash":"e99f0ca9e05d343cbae65f6acdbd6507825882f6"}
}
