TN:
SF:/Users/bohdan/Documents/projects/own/todo/api/src/models/group.model.js
FNF:0
FNH:0
DA:1,2
DA:3,2
DA:5,2
DA:16,2
LF:4
LH:4
BRF:0
BRH:0
end_of_record
TN:
SF:/Users/bohdan/Documents/projects/own/todo/api/src/models/task.model.js
FNF:0
FNH:0
DA:1,1
DA:3,1
DA:5,1
DA:24,1
LF:4
LH:4
BRF:0
BRH:0
end_of_record
TN:
SF:/Users/bohdan/Documents/projects/own/todo/api/src/models/user.model.js
FNF:0
FNH:0
DA:1,3
DA:3,3
DA:5,3
DA:25,3
DA:34,3
LF:5
LH:5
BRF:0
BRH:0
end_of_record
TN:
SF:/Users/bohdan/Documents/projects/own/todo/api/src/services/auth/index.js
FNF:0
FNH:0
DA:1,3
DA:2,3
DA:3,3
DA:5,3
LF:4
LH:4
BRF:0
BRH:0
end_of_record
TN:
SF:/Users/bohdan/Documents/projects/own/todo/api/src/services/auth/login-by-token.js
FN:6,(anonymous_0)
FN:10,(anonymous_1)
FN:17,(anonymous_2)
FNF:3
FNH:2
FNDA:1,(anonymous_0)
FNDA:1,(anonymous_1)
FNDA:0,(anonymous_2)
DA:1,3
DA:3,3
DA:4,3
DA:6,3
DA:7,1
DA:9,1
DA:11,1
DA:12,1
DA:14,0
DA:17,0
DA:20,3
LF:11
LH:9
BRDA:11,0,0,1
BRDA:11,0,1,0
BRF:2
BRH:1
end_of_record
TN:
SF:/Users/bohdan/Documents/projects/own/todo/api/src/services/auth/login.js
FN:7,(anonymous_0)
FN:14,(anonymous_1)
FN:22,(anonymous_2)
FNF:3
FNH:2
FNDA:1,(anonymous_0)
FNDA:1,(anonymous_1)
FNDA:0,(anonymous_2)
DA:1,3
DA:2,3
DA:4,3
DA:5,3
DA:7,3
DA:8,1
DA:13,1
DA:15,1
DA:16,1
DA:17,1
DA:19,0
DA:22,0
DA:25,3
LF:13
LH:11
BRDA:15,0,0,1
BRDA:15,0,1,0
BRF:2
BRH:1
end_of_record
TN:
SF:/Users/bohdan/Documents/projects/own/todo/api/src/services/auth/register.js
FN:7,(anonymous_0)
FN:16,(anonymous_1)
FN:20,(anonymous_2)
FNF:3
FNH:2
FNDA:11,(anonymous_0)
FNDA:11,(anonymous_1)
FNDA:0,(anonymous_2)
DA:1,3
DA:2,3
DA:4,3
DA:5,3
DA:7,3
DA:8,11
DA:13,11
DA:14,11
DA:17,11
DA:18,11
DA:20,0
DA:23,3
LF:12
LH:11
BRF:0
BRH:0
end_of_record
TN:
SF:/Users/bohdan/Documents/projects/own/todo/api/src/services/group/add.js
FN:3,(anonymous_0)
FN:7,(anonymous_1)
FN:8,(anonymous_2)
FNF:3
FNH:2
FNDA:8,(anonymous_0)
FNDA:8,(anonymous_1)
FNDA:0,(anonymous_2)
DA:1,2
DA:3,2
DA:4,8
DA:5,8
DA:7,8
DA:8,0
DA:11,2
LF:7
LH:6
BRF:0
BRH:0
end_of_record
TN:
SF:/Users/bohdan/Documents/projects/own/todo/api/src/services/group/get-all.js
FN:3,(anonymous_0)
FN:5,(anonymous_1)
FN:6,(anonymous_2)
FNF:3
FNH:2
FNDA:1,(anonymous_0)
FNDA:1,(anonymous_1)
FNDA:0,(anonymous_2)
DA:1,2
DA:3,2
DA:4,1
DA:5,1
DA:6,0
DA:9,2
LF:6
LH:5
BRF:0
BRH:0
end_of_record
TN:
SF:/Users/bohdan/Documents/projects/own/todo/api/src/services/group/index.js
FNF:0
FNH:0
DA:1,2
DA:2,2
DA:4,2
LF:3
LH:3
BRF:0
BRH:0
end_of_record
TN:
SF:/Users/bohdan/Documents/projects/own/todo/api/src/services/task/add.js
FN:3,(anonymous_0)
FN:7,(anonymous_1)
FN:8,(anonymous_2)
FNF:3
FNH:2
FNDA:6,(anonymous_0)
FNDA:6,(anonymous_1)
FNDA:0,(anonymous_2)
DA:1,1
DA:3,1
DA:4,6
DA:5,6
DA:7,6
DA:8,0
DA:11,1
LF:7
LH:6
BRF:0
BRH:0
end_of_record
TN:
SF:/Users/bohdan/Documents/projects/own/todo/api/src/services/task/get-all.js
FN:3,(anonymous_0)
FN:5,(anonymous_1)
FN:6,(anonymous_2)
FNF:3
FNH:2
FNDA:3,(anonymous_0)
FNDA:3,(anonymous_1)
FNDA:0,(anonymous_2)
DA:1,1
DA:3,1
DA:4,3
DA:5,3
DA:6,0
DA:9,1
LF:6
LH:5
BRF:0
BRH:0
end_of_record
TN:
SF:/Users/bohdan/Documents/projects/own/todo/api/src/services/task/get-one.js
FN:3,(anonymous_0)
FN:5,(anonymous_1)
FN:6,(anonymous_2)
FNF:3
FNH:2
FNDA:1,(anonymous_0)
FNDA:1,(anonymous_1)
FNDA:0,(anonymous_2)
DA:1,1
DA:3,1
DA:4,1
DA:5,1
DA:6,0
DA:9,1
LF:6
LH:5
BRF:0
BRH:0
end_of_record
TN:
SF:/Users/bohdan/Documents/projects/own/todo/api/src/services/task/index.js
FNF:0
FNH:0
DA:1,1
DA:2,1
DA:3,1
DA:4,1
DA:5,1
DA:7,1
LF:6
LH:6
BRF:0
BRH:0
end_of_record
TN:
SF:/Users/bohdan/Documents/projects/own/todo/api/src/services/task/remove.js
FN:3,(anonymous_0)
FN:5,(anonymous_1)
FN:6,(anonymous_2)
FNF:3
FNH:3
FNDA:2,(anonymous_0)
FNDA:1,(anonymous_1)
FNDA:1,(anonymous_2)
DA:1,1
DA:3,1
DA:4,2
DA:5,1
DA:6,1
DA:9,1
LF:6
LH:6
BRF:0
BRH:0
end_of_record
TN:
SF:/Users/bohdan/Documents/projects/own/todo/api/src/services/task/update.js
FN:3,(anonymous_0)
FN:8,(anonymous_1)
FN:9,(anonymous_2)
FNF:3
FNH:2
FNDA:1,(anonymous_0)
FNDA:1,(anonymous_1)
FNDA:0,(anonymous_2)
DA:1,1
DA:3,1
DA:4,1
DA:8,1
DA:9,0
DA:12,1
LF:6
LH:5
BRF:0
BRH:0
end_of_record
TN:
SF:/Users/bohdan/Documents/projects/own/todo/api/src/tests/utils/group/create-group-and-get-id.js
FN:3,(anonymous_0)
FNF:1
FNH:1
FNDA:5,(anonymous_0)
DA:1,1
DA:3,1
DA:4,5
DA:5,5
DA:6,5
DA:9,1
LF:6
LH:6
BRF:0
BRH:0
end_of_record
TN:
SF:/Users/bohdan/Documents/projects/own/todo/api/src/tests/utils/group/index.js
FNF:0
FNH:0
DA:1,1
DA:3,1
LF:2
LH:2
BRF:0
BRH:0
end_of_record
TN:
SF:/Users/bohdan/Documents/projects/own/todo/api/src/tests/utils/in-memory-mongo/index.js
FN:7,(anonymous_0)
FN:19,(anonymous_1)
FN:26,(anonymous_2)
FNF:3
FNH:3
FNDA:3,(anonymous_0)
FNDA:3,(anonymous_1)
FNDA:13,(anonymous_2)
DA:1,3
DA:2,3
DA:4,3
DA:7,3
DA:8,3
DA:9,3
DA:15,3
DA:19,3
DA:20,3
DA:21,3
DA:22,3
DA:26,3
DA:27,13
DA:29,13
DA:30,29
DA:31,29
LF:16
LH:16
BRF:0
BRH:0
end_of_record
TN:
SF:/Users/bohdan/Documents/projects/own/todo/api/src/tests/utils/user/create-user-and-get-id.js
FN:3,(anonymous_0)
FNF:1
FNH:1
FNDA:8,(anonymous_0)
DA:1,2
DA:3,2
DA:4,8
DA:11,8
DA:12,8
DA:15,2
LF:6
LH:6
BRF:0
BRH:0
end_of_record
TN:
SF:/Users/bohdan/Documents/projects/own/todo/api/src/tests/utils/user/index.js
FNF:0
FNH:0
DA:1,2
DA:3,2
LF:2
LH:2
BRF:0
BRH:0
end_of_record
TN:
SF:/Users/bohdan/Documents/projects/own/todo/api/src/utils/index.js
FN:1,(anonymous_0)
FN:1,(anonymous_1)
FN:3,(anonymous_2)
FN:4,(anonymous_3)
FN:10,(anonymous_4)
FN:10,(anonymous_5)
FN:12,(anonymous_6)
FN:13,(anonymous_7)
FNF:8
FNH:4
FNDA:13,(anonymous_0)
FNDA:13,(anonymous_1)
FNDA:65,(anonymous_2)
FNDA:52,(anonymous_3)
FNDA:0,(anonymous_4)
FNDA:0,(anonymous_5)
FNDA:0,(anonymous_6)
FNDA:0,(anonymous_7)
DA:1,13
DA:2,13
DA:3,65
DA:5,52
DA:6,52
DA:10,3
DA:11,0
DA:12,0
DA:14,0
DA:15,0
DA:19,3
DA:20,3
LF:12
LH:8
BRDA:2,0,0,13
BRDA:2,0,1,0
BRDA:11,1,0,0
BRDA:11,1,1,0
BRF:4
BRH:1
end_of_record
